# JRE version: Java(TM) SE Runtime Environment (8.0_112-b15) (build 1.8.0_112-b15)
# Java VM: Java HotSpot(TM) 64-Bit Server VM (25.112-b15 mixed mode linux-amd64 compressed oops)
Heap:
 PSYoungGen      total 104960K, used 23285K [0x00000000f0000000, 0x00000000f7e00000, 0x0000000100000000)
  eden space 101376K, 19% used [0x00000000f0000000,0x00000000f13924a8,0x00000000f6300000)
  from space 3584K, 90% used [0x00000000f6400000,0x00000000f672b168,0x00000000f6780000)
  to   space 13824K, 0% used [0x00000000f7080000,0x00000000f7080000,0x00000000f7e00000)
 ParOldGen       total 524288K, used 349150K [0x00000000d0000000, 0x00000000f0000000, 0x00000000f0000000)
  object space 524288K, 66% used [0x00000000d0000000,0x00000000e54f7b78,0x00000000f0000000)
 Metaspace       used 195262K, capacity 214632K, committed 222808K, reserved 1243136K
  class space    used 22686K, capacity 27889K, committed 30080K, reserved 1048576K
GC Heap History (10 events):
Event: 158855,276 GC heap before
{Heap before GC invocations=1288 (full 33):
 PSYoungGen      total 122880K, used 111904K [0x00000000f0000000, 0x00000000f8b00000, 0x0000000100000000)
  eden space 108544K, 100% used [0x00000000f0000000,0x00000000f6a00000,0x00000000f6a00000)
  from space 14336K, 23% used [0x00000000f7d00000,0x00000000f8048040,0x00000000f8b00000)
  to   space 16896K, 0% used [0x00000000f6a00000,0x00000000f6a00000,0x00000000f7a80000)
 ParOldGen       total 524288K, used 349030K [0x00000000d0000000, 0x00000000f0000000, 0x00000000f0000000)
  object space 524288K, 66% used [0x00000000d0000000,0x00000000e54d9b78,0x00000000f0000000)
 Metaspace       used 195232K, capacity 214600K, committed 222808K, reserved 1243136K
  class space    used 22681K, capacity 27857K, committed 30080K, reserved 1048576K
Event: 158855,472 GC heap after
Heap after GC invocations=1288 (full 33):
 PSYoungGen      total 109568K, used 2279K [0x00000000f0000000, 0x00000000f8780000, 0x0000000100000000)
  eden space 107008K, 0% used [0x00000000f0000000,0x00000000f0000000,0x00000000f6880000)
  from space 2560K, 89% used [0x00000000f6a00000,0x00000000f6c39f70,0x00000000f6c80000)
  to   space 15872K, 0% used [0x00000000f7800000,0x00000000f7800000,0x00000000f8780000)
 ParOldGen       total 524288K, used 349046K [0x00000000d0000000, 0x00000000f0000000, 0x00000000f0000000)
  object space 524288K, 66% used [0x00000000d0000000,0x00000000e54ddb78,0x00000000f0000000)
 Metaspace       used 195232K, capacity 214600K, committed 222808K, reserved 1243136K
  class space    used 22681K, capacity 27857K, committed 30080K, reserved 1048576K
}
Event: 158928,969 GC heap before
{Heap before GC invocations=1289 (full 33):
 PSYoungGen      total 109568K, used 109287K [0x00000000f0000000, 0x00000000f8780000, 0x0000000100000000)
  eden space 107008K, 100% used [0x00000000f0000000,0x00000000f6880000,0x00000000f6880000)
  from space 2560K, 89% used [0x00000000f6a00000,0x00000000f6c39f70,0x00000000f6c80000)
  to   space 15872K, 0% used [0x00000000f7800000,0x00000000f7800000,0x00000000f8780000)
 ParOldGen       total 524288K, used 349046K [0x00000000d0000000, 0x00000000f0000000, 0x00000000f0000000)
  object space 524288K, 66% used [0x00000000d0000000,0x00000000e54ddb78,0x00000000f0000000)
 Metaspace       used 195234K, capacity 214600K, committed 222808K, reserved 1243136K
  class space    used 22681K, capacity 27857K, committed 30080K, reserved 1048576K
Event: 158929,037 GC heap after
Heap after GC invocations=1289 (full 33):
 PSYoungGen      total 117760K, used 2076K [0x00000000f0000000, 0x00000000f8400000, 0x0000000100000000)
  eden space 105472K, 0% used [0x00000000f0000000,0x00000000f0000000,0x00000000f6700000)
  from space 12288K, 16% used [0x00000000f7800000,0x00000000f7a07038,0x00000000f8400000)
  to   space 14848K, 0% used [0x00000000f6700000,0x00000000f6700000,0x00000000f7580000)
 ParOldGen       total 524288K, used 349070K [0x00000000d0000000, 0x00000000f0000000, 0x00000000f0000000)
  object space 524288K, 66% used [0x00000000d0000000,0x00000000e54e3b78,0x00000000f0000000)
 Metaspace       used 195234K, capacity 214600K, committed 222808K, reserved 1243136K
  class space    used 22681K, capacity 27857K, committed 30080K, reserved 1048576K
}
Event: 158933,109 GC heap before
{Heap before GC invocations=1290 (full 33):
 PSYoungGen      total 117760K, used 107548K [0x00000000f0000000, 0x00000000f8400000, 0x0000000100000000)
  eden space 105472K, 100% used [0x00000000f0000000,0x00000000f6700000,0x00000000f6700000)
  from space 12288K, 16% used [0x00000000f7800000,0x00000000f7a07038,0x00000000f8400000)
  to   space 14848K, 0% used [0x00000000f6700000,0x00000000f6700000,0x00000000f7580000)
 ParOldGen       total 524288K, used 349070K [0x00000000d0000000, 0x00000000f0000000, 0x00000000f0000000)
  object space 524288K, 66% used [0x00000000d0000000,0x00000000e54e3b78,0x00000000f0000000)
 Metaspace       used 195234K, capacity 214600K, committed 222808K, reserved 1243136K
  class space    used 22681K, capacity 27857K, committed 30080K, reserved 1048576K
Event: 158933,125 GC heap after
Heap after GC invocations=1290 (full 33):
 PSYoungGen      total 108544K, used 4471K [0x00000000f0000000, 0x00000000f8080000, 0x0000000100000000)
  eden space 103936K, 0% used [0x00000000f0000000,0x00000000f0000000,0x00000000f6580000)
  from space 4608K, 97% used [0x00000000f6700000,0x00000000f6b5de80,0x00000000f6b80000)
  to   space 13824K, 0% used [0x00000000f7300000,0x00000000f7300000,0x00000000f8080000)
 ParOldGen       total 524288K, used 349070K [0x00000000d0000000, 0x00000000f0000000, 0x00000000f0000000)
  object space 524288K, 66% used [0x00000000d0000000,0x00000000e54e3b78,0x00000000f0000000)
 Metaspace       used 195234K, capacity 214600K, committed 222808K, reserved 1243136K
  class space    used 22681K, capacity 27857K, committed 30080K, reserved 1048576K
}
Event: 158944,586 GC heap before
{Heap before GC invocations=1291 (full 33):
 PSYoungGen      total 108544K, used 108407K [0x00000000f0000000, 0x00000000f8080000, 0x0000000100000000)
  eden space 103936K, 100% used [0x00000000f0000000,0x00000000f6580000,0x00000000f6580000)
  from space 4608K, 97% used [0x00000000f6700000,0x00000000f6b5de80,0x00000000f6b80000)
  to   space 13824K, 0% used [0x00000000f7300000,0x00000000f7300000,0x00000000f8080000)
 ParOldGen       total 524288K, used 349070K [0x00000000d0000000, 0x00000000f0000000, 0x00000000f0000000)
  object space 524288K, 66% used [0x00000000d0000000,0x00000000e54e3b78,0x00000000f0000000)
 Metaspace       used 195234K, capacity 214600K, committed 222808K, reserved 1243136K
  class space    used 22681K, capacity 27857K, committed 30080K, reserved 1048576K
Event: 158944,632 GC heap after
Heap after GC invocations=1291 (full 33):
 PSYoungGen      total 116224K, used 8461K [0x00000000f0000000, 0x00000000f8100000, 0x0000000100000000)
  eden space 102400K, 0% used [0x00000000f0000000,0x00000000f0000000,0x00000000f6400000)
  from space 13824K, 61% used [0x00000000f7300000,0x00000000f7b43710,0x00000000f8080000)
  to   space 14848K, 0% used [0x00000000f6400000,0x00000000f6400000,0x00000000f7280000)
 ParOldGen       total 524288K, used 349150K [0x00000000d0000000, 0x00000000f0000000, 0x00000000f0000000)
  object space 524288K, 66% used [0x00000000d0000000,0x00000000e54f7b78,0x00000000f0000000)
 Metaspace       used 195234K, capacity 214600K, committed 222808K, reserved 1243136K
  class space    used 22681K, capacity 27857K, committed 30080K, reserved 1048576K
}
Event: 158949,101 GC heap before
{Heap before GC invocations=1292 (full 33):
 PSYoungGen      total 116224K, used 110861K [0x00000000f0000000, 0x00000000f8100000, 0x0000000100000000)
  eden space 102400K, 100% used [0x00000000f0000000,0x00000000f6400000,0x00000000f6400000)
  from space 13824K, 61% used [0x00000000f7300000,0x00000000f7b43710,0x00000000f8080000)
  to   space 14848K, 0% used [0x00000000f6400000,0x00000000f6400000,0x00000000f7280000)
 ParOldGen       total 524288K, used 349150K [0x00000000d0000000, 0x00000000f0000000, 0x00000000f0000000)
  object space 524288K, 66% used [0x00000000d0000000,0x00000000e54f7b78,0x00000000f0000000)
 Metaspace       used 195234K, capacity 214600K, committed 222808K, reserved 1243136K
  class space    used 22681K, capacity 27857K, committed 30080K, reserved 1048576K
Event: 158949,115 GC heap after
Heap after GC invocations=1292 (full 33):
 PSYoungGen      total 104960K, used 3244K [0x00000000f0000000, 0x00000000f7e00000, 0x0000000100000000)
  eden space 101376K, 0% used [0x00000000f0000000,0x00000000f0000000,0x00000000f6300000)
  from space 3584K, 90% used [0x00000000f6400000,0x00000000f672b168,0x00000000f6780000)
  to   space 13824K, 0% used [0x00000000f7080000,0x00000000f7080000,0x00000000f7e00000)
 ParOldGen       total 524288K, used 349150K [0x00000000d0000000, 0x00000000f0000000, 0x00000000f0000000)
  object space 524288K, 66% used [0x00000000d0000000,0x00000000e54f7b78,0x00000000f0000000)
 Metaspace       used 195234K, capacity 214600K, committed 222808K, reserved 1243136K
  class space    used 22681K, capacity 27857K, committed 30080K, reserved 1048576K
}

